-------------------------------------------------------------------------------
Test set: catan.AccountDAOTest
-------------------------------------------------------------------------------
Tests run: 5, Failures: 0, Errors: 5, Skipped: 0, Time elapsed: 1.190 s <<< FAILURE! -- in catan.AccountDAOTest
catan.AccountDAOTest.testUpdateElo -- Time elapsed: 1.091 s <<< ERROR!
org.h2.jdbc.JdbcSQLSyntaxErrorException: 
Column "ACCOUNT_ID_SEQ.NEXTVAL" not found; SQL statement:
CREATE TABLE IF NOT EXISTS account (account_id BIGINT DEFAULT account_id_seq.NEXTVAL PRIMARY KEY,username VARCHAR(255) NOT NULL,email VARCHAR(255) NOT NULL,total_games BIGINT DEFAULT 0,total_wins BIGINT DEFAULT 0,total_losses BIGINT DEFAULT 0,elo BIGINT DEFAULT 1000) [42122-224]
	at org.h2.message.DbException.getJdbcSQLException(DbException.java:514)
	at org.h2.message.DbException.getJdbcSQLException(DbException.java:489)
	at org.h2.message.DbException.get(DbException.java:223)
	at org.h2.message.DbException.get(DbException.java:199)
	at org.h2.expression.ExpressionColumn.getColumnException(ExpressionColumn.java:244)
	at org.h2.expression.ExpressionColumn.optimizeOther(ExpressionColumn.java:226)
	at org.h2.expression.ExpressionColumn.optimize(ExpressionColumn.java:213)
	at org.h2.table.Column.setDefaultExpression(Column.java:249)
	at org.h2.command.Parser.parseColumnForTable(Parser.java:5582)
	at org.h2.command.Parser.parseTableColumnDefinition(Parser.java:8999)
	at org.h2.command.Parser.parseCreateTable(Parser.java:8939)
	at org.h2.command.Parser.parseCreate(Parser.java:6404)
	at org.h2.command.Parser.parsePrepared(Parser.java:666)
	at org.h2.command.Parser.parse(Parser.java:592)
	at org.h2.command.Parser.parse(Parser.java:564)
	at org.h2.command.Parser.prepareCommand(Parser.java:483)
	at org.h2.engine.SessionLocal.prepareLocal(SessionLocal.java:639)
	at org.h2.engine.SessionLocal.prepareCommand(SessionLocal.java:559)
	at org.h2.jdbc.JdbcConnection.prepareCommand(JdbcConnection.java:1166)
	at org.h2.jdbc.JdbcStatement.executeInternal(JdbcStatement.java:245)
	at org.h2.jdbc.JdbcStatement.execute(JdbcStatement.java:231)
	at catan.AccountDAOTest.setUp(AccountDAOTest.java:26)
	at java.base/java.lang.reflect.Method.invoke(Method.java:580)
	at java.base/java.util.ArrayList.forEach(ArrayList.java:1597)
	at java.base/java.util.ArrayList.forEach(ArrayList.java:1597)

catan.AccountDAOTest.testFindAll -- Time elapsed: 0.005 s <<< ERROR!
org.h2.jdbc.JdbcSQLSyntaxErrorException: 
Column "ACCOUNT_ID_SEQ.NEXTVAL" not found; SQL statement:
CREATE TABLE IF NOT EXISTS account (account_id BIGINT DEFAULT account_id_seq.NEXTVAL PRIMARY KEY,username VARCHAR(255) NOT NULL,email VARCHAR(255) NOT NULL,total_games BIGINT DEFAULT 0,total_wins BIGINT DEFAULT 0,total_losses BIGINT DEFAULT 0,elo BIGINT DEFAULT 1000) [42122-224]
	at org.h2.message.DbException.getJdbcSQLException(DbException.java:514)
	at org.h2.message.DbException.getJdbcSQLException(DbException.java:489)
	at org.h2.message.DbException.get(DbException.java:223)
	at org.h2.message.DbException.get(DbException.java:199)
	at org.h2.expression.ExpressionColumn.getColumnException(ExpressionColumn.java:244)
	at org.h2.expression.ExpressionColumn.optimizeOther(ExpressionColumn.java:226)
	at org.h2.expression.ExpressionColumn.optimize(ExpressionColumn.java:213)
	at org.h2.table.Column.setDefaultExpression(Column.java:249)
	at org.h2.command.Parser.parseColumnForTable(Parser.java:5582)
	at org.h2.command.Parser.parseTableColumnDefinition(Parser.java:8999)
	at org.h2.command.Parser.parseCreateTable(Parser.java:8939)
	at org.h2.command.Parser.parseCreate(Parser.java:6404)
	at org.h2.command.Parser.parsePrepared(Parser.java:666)
	at org.h2.command.Parser.parse(Parser.java:592)
	at org.h2.command.Parser.parse(Parser.java:564)
	at org.h2.command.Parser.prepareCommand(Parser.java:483)
	at org.h2.engine.SessionLocal.prepareLocal(SessionLocal.java:639)
	at org.h2.engine.SessionLocal.prepareCommand(SessionLocal.java:559)
	at org.h2.jdbc.JdbcConnection.prepareCommand(JdbcConnection.java:1166)
	at org.h2.jdbc.JdbcStatement.executeInternal(JdbcStatement.java:245)
	at org.h2.jdbc.JdbcStatement.execute(JdbcStatement.java:231)
	at catan.AccountDAOTest.setUp(AccountDAOTest.java:26)
	at java.base/java.lang.reflect.Method.invoke(Method.java:580)
	at java.base/java.util.ArrayList.forEach(ArrayList.java:1597)
	at java.base/java.util.ArrayList.forEach(ArrayList.java:1597)

catan.AccountDAOTest.testCreateAndFindById -- Time elapsed: 0.004 s <<< ERROR!
org.h2.jdbc.JdbcSQLSyntaxErrorException: 
Column "ACCOUNT_ID_SEQ.NEXTVAL" not found; SQL statement:
CREATE TABLE IF NOT EXISTS account (account_id BIGINT DEFAULT account_id_seq.NEXTVAL PRIMARY KEY,username VARCHAR(255) NOT NULL,email VARCHAR(255) NOT NULL,total_games BIGINT DEFAULT 0,total_wins BIGINT DEFAULT 0,total_losses BIGINT DEFAULT 0,elo BIGINT DEFAULT 1000) [42122-224]
	at org.h2.message.DbException.getJdbcSQLException(DbException.java:514)
	at org.h2.message.DbException.getJdbcSQLException(DbException.java:489)
	at org.h2.message.DbException.get(DbException.java:223)
	at org.h2.message.DbException.get(DbException.java:199)
	at org.h2.expression.ExpressionColumn.getColumnException(ExpressionColumn.java:244)
	at org.h2.expression.ExpressionColumn.optimizeOther(ExpressionColumn.java:226)
	at org.h2.expression.ExpressionColumn.optimize(ExpressionColumn.java:213)
	at org.h2.table.Column.setDefaultExpression(Column.java:249)
	at org.h2.command.Parser.parseColumnForTable(Parser.java:5582)
	at org.h2.command.Parser.parseTableColumnDefinition(Parser.java:8999)
	at org.h2.command.Parser.parseCreateTable(Parser.java:8939)
	at org.h2.command.Parser.parseCreate(Parser.java:6404)
	at org.h2.command.Parser.parsePrepared(Parser.java:666)
	at org.h2.command.Parser.parse(Parser.java:592)
	at org.h2.command.Parser.parse(Parser.java:564)
	at org.h2.command.Parser.prepareCommand(Parser.java:483)
	at org.h2.engine.SessionLocal.prepareLocal(SessionLocal.java:639)
	at org.h2.engine.SessionLocal.prepareCommand(SessionLocal.java:559)
	at org.h2.jdbc.JdbcConnection.prepareCommand(JdbcConnection.java:1166)
	at org.h2.jdbc.JdbcStatement.executeInternal(JdbcStatement.java:245)
	at org.h2.jdbc.JdbcStatement.execute(JdbcStatement.java:231)
	at catan.AccountDAOTest.setUp(AccountDAOTest.java:26)
	at java.base/java.lang.reflect.Method.invoke(Method.java:580)
	at java.base/java.util.ArrayList.forEach(ArrayList.java:1597)
	at java.base/java.util.ArrayList.forEach(ArrayList.java:1597)

catan.AccountDAOTest.testUpdateUsername -- Time elapsed: 0.006 s <<< ERROR!
org.h2.jdbc.JdbcSQLSyntaxErrorException: 
Column "ACCOUNT_ID_SEQ.NEXTVAL" not found; SQL statement:
CREATE TABLE IF NOT EXISTS account (account_id BIGINT DEFAULT account_id_seq.NEXTVAL PRIMARY KEY,username VARCHAR(255) NOT NULL,email VARCHAR(255) NOT NULL,total_games BIGINT DEFAULT 0,total_wins BIGINT DEFAULT 0,total_losses BIGINT DEFAULT 0,elo BIGINT DEFAULT 1000) [42122-224]
	at org.h2.message.DbException.getJdbcSQLException(DbException.java:514)
	at org.h2.message.DbException.getJdbcSQLException(DbException.java:489)
	at org.h2.message.DbException.get(DbException.java:223)
	at org.h2.message.DbException.get(DbException.java:199)
	at org.h2.expression.ExpressionColumn.getColumnException(ExpressionColumn.java:244)
	at org.h2.expression.ExpressionColumn.optimizeOther(ExpressionColumn.java:226)
	at org.h2.expression.ExpressionColumn.optimize(ExpressionColumn.java:213)
	at org.h2.table.Column.setDefaultExpression(Column.java:249)
	at org.h2.command.Parser.parseColumnForTable(Parser.java:5582)
	at org.h2.command.Parser.parseTableColumnDefinition(Parser.java:8999)
	at org.h2.command.Parser.parseCreateTable(Parser.java:8939)
	at org.h2.command.Parser.parseCreate(Parser.java:6404)
	at org.h2.command.Parser.parsePrepared(Parser.java:666)
	at org.h2.command.Parser.parse(Parser.java:592)
	at org.h2.command.Parser.parse(Parser.java:564)
	at org.h2.command.Parser.prepareCommand(Parser.java:483)
	at org.h2.engine.SessionLocal.prepareLocal(SessionLocal.java:639)
	at org.h2.engine.SessionLocal.prepareCommand(SessionLocal.java:559)
	at org.h2.jdbc.JdbcConnection.prepareCommand(JdbcConnection.java:1166)
	at org.h2.jdbc.JdbcStatement.executeInternal(JdbcStatement.java:245)
	at org.h2.jdbc.JdbcStatement.execute(JdbcStatement.java:231)
	at catan.AccountDAOTest.setUp(AccountDAOTest.java:26)
	at java.base/java.lang.reflect.Method.invoke(Method.java:580)
	at java.base/java.util.ArrayList.forEach(ArrayList.java:1597)
	at java.base/java.util.ArrayList.forEach(ArrayList.java:1597)

catan.AccountDAOTest.testDelete -- Time elapsed: 0.003 s <<< ERROR!
org.h2.jdbc.JdbcSQLSyntaxErrorException: 
Column "ACCOUNT_ID_SEQ.NEXTVAL" not found; SQL statement:
CREATE TABLE IF NOT EXISTS account (account_id BIGINT DEFAULT account_id_seq.NEXTVAL PRIMARY KEY,username VARCHAR(255) NOT NULL,email VARCHAR(255) NOT NULL,total_games BIGINT DEFAULT 0,total_wins BIGINT DEFAULT 0,total_losses BIGINT DEFAULT 0,elo BIGINT DEFAULT 1000) [42122-224]
	at org.h2.message.DbException.getJdbcSQLException(DbException.java:514)
	at org.h2.message.DbException.getJdbcSQLException(DbException.java:489)
	at org.h2.message.DbException.get(DbException.java:223)
	at org.h2.message.DbException.get(DbException.java:199)
	at org.h2.expression.ExpressionColumn.getColumnException(ExpressionColumn.java:244)
	at org.h2.expression.ExpressionColumn.optimizeOther(ExpressionColumn.java:226)
	at org.h2.expression.ExpressionColumn.optimize(ExpressionColumn.java:213)
	at org.h2.table.Column.setDefaultExpression(Column.java:249)
	at org.h2.command.Parser.parseColumnForTable(Parser.java:5582)
	at org.h2.command.Parser.parseTableColumnDefinition(Parser.java:8999)
	at org.h2.command.Parser.parseCreateTable(Parser.java:8939)
	at org.h2.command.Parser.parseCreate(Parser.java:6404)
	at org.h2.command.Parser.parsePrepared(Parser.java:666)
	at org.h2.command.Parser.parse(Parser.java:592)
	at org.h2.command.Parser.parse(Parser.java:564)
	at org.h2.command.Parser.prepareCommand(Parser.java:483)
	at org.h2.engine.SessionLocal.prepareLocal(SessionLocal.java:639)
	at org.h2.engine.SessionLocal.prepareCommand(SessionLocal.java:559)
	at org.h2.jdbc.JdbcConnection.prepareCommand(JdbcConnection.java:1166)
	at org.h2.jdbc.JdbcStatement.executeInternal(JdbcStatement.java:245)
	at org.h2.jdbc.JdbcStatement.execute(JdbcStatement.java:231)
	at catan.AccountDAOTest.setUp(AccountDAOTest.java:26)
	at java.base/java.lang.reflect.Method.invoke(Method.java:580)
	at java.base/java.util.ArrayList.forEach(ArrayList.java:1597)
	at java.base/java.util.ArrayList.forEach(ArrayList.java:1597)

